# JRE version: Java(TM) SE Runtime Environment (17.0.12+8) (build 17.0.12+8-LTS-286)
# Java VM: Java HotSpot(TM) 64-Bit Server VM (17.0.12+8-LTS-286, mixed mode, emulated-client, sharing, tiered, compressed oops, compressed class ptrs, g1 gc, windows-amd64)
GC Precious Log:
 CPUs: 8 total, 8 available
 Memory: 16274M
 Large Page Support: Disabled
 NUMA Support: Disabled
 Compressed Oops: Enabled (Zero based)
 Heap Region Size: 2M
 Heap Min Capacity: 8M
 Heap Initial Capacity: 256M
 Heap Max Capacity: 4070M
 Pre-touch: Disabled
 Parallel Workers: 8
 Concurrent Workers: 2
 Concurrent Refinement Workers: 8
 Periodic GC: Disabled
Heap:
 garbage-first heap   total 96256K, used 56216K [0x0000000701a00000, 0x0000000800000000)
  region size 2048K, 4 young (8192K), 2 survivors (4096K)
 Metaspace       used 91449K, committed 92032K, reserved 1179648K
  class space    used 13059K, committed 13312K, reserved 1048576K
GC Heap History (20 events):
Event: 19.428 GC heap before
{Heap before GC invocations=17 (full 0):
 garbage-first heap   total 96256K, used 74001K [0x0000000701a00000, 0x0000000800000000)
  region size 2048K, 22 young (45056K), 2 survivors (4096K)
 Metaspace       used 63038K, committed 63616K, reserved 1114112K
  class space    used 8949K, committed 9216K, reserved 1048576K
}
Event: 19.431 GC heap after
{Heap after GC invocations=18 (full 0):
 garbage-first heap   total 96256K, used 33703K [0x0000000701a00000, 0x0000000800000000)
  region size 2048K, 2 young (4096K), 2 survivors (4096K)
 Metaspace       used 63038K, committed 63616K, reserved 1114112K
  class space    used 8949K, committed 9216K, reserved 1048576K
}
Event: 20.330 GC heap before
{Heap before GC invocations=18 (full 0):
 garbage-first heap   total 96256K, used 74663K [0x0000000701a00000, 0x0000000800000000)
  region size 2048K, 22 young (45056K), 2 survivors (4096K)
 Metaspace       used 68594K, committed 69120K, reserved 1114112K
  class space    used 9839K, committed 10112K, reserved 1048576K
}
Event: 20.336 GC heap after
{Heap after GC invocations=19 (full 0):
 garbage-first heap   total 96256K, used 36617K [0x0000000701a00000, 0x0000000800000000)
  region size 2048K, 3 young (6144K), 3 survivors (6144K)
 Metaspace       used 68594K, committed 69120K, reserved 1114112K
  class space    used 9839K, committed 10112K, reserved 1048576K
}
Event: 20.845 GC heap before
{Heap before GC invocations=19 (full 0):
 garbage-first heap   total 96256K, used 73481K [0x0000000701a00000, 0x0000000800000000)
  region size 2048K, 22 young (45056K), 3 survivors (6144K)
 Metaspace       used 72855K, committed 73472K, reserved 1114112K
  class space    used 10534K, committed 10816K, reserved 1048576K
}
Event: 20.852 GC heap after
{Heap after GC invocations=20 (full 0):
 garbage-first heap   total 96256K, used 39297K [0x0000000701a00000, 0x0000000800000000)
  region size 2048K, 2 young (4096K), 2 survivors (4096K)
 Metaspace       used 72855K, committed 73472K, reserved 1114112K
  class space    used 10534K, committed 10816K, reserved 1048576K
}
Event: 21.463 GC heap before
{Heap before GC invocations=20 (full 0):
 garbage-first heap   total 96256K, used 74113K [0x0000000701a00000, 0x0000000800000000)
  region size 2048K, 19 young (38912K), 2 survivors (4096K)
 Metaspace       used 77126K, committed 77760K, reserved 1179648K
  class space    used 11120K, committed 11392K, reserved 1048576K
}
Event: 21.467 GC heap after
{Heap after GC invocations=21 (full 0):
 garbage-first heap   total 96256K, used 41073K [0x0000000701a00000, 0x0000000800000000)
  region size 2048K, 3 young (6144K), 3 survivors (6144K)
 Metaspace       used 77126K, committed 77760K, reserved 1179648K
  class space    used 11120K, committed 11392K, reserved 1048576K
}
Event: 21.769 GC heap before
{Heap before GC invocations=21 (full 0):
 garbage-first heap   total 96256K, used 73841K [0x0000000701a00000, 0x0000000800000000)
  region size 2048K, 19 young (38912K), 3 survivors (6144K)
 Metaspace       used 77806K, committed 78464K, reserved 1179648K
  class space    used 11223K, committed 11520K, reserved 1048576K
}
Event: 21.774 GC heap after
{Heap after GC invocations=22 (full 0):
 garbage-first heap   total 96256K, used 42211K [0x0000000701a00000, 0x0000000800000000)
  region size 2048K, 2 young (4096K), 2 survivors (4096K)
 Metaspace       used 77806K, committed 78464K, reserved 1179648K
  class space    used 11223K, committed 11520K, reserved 1048576K
}
Event: 22.433 GC heap before
{Heap before GC invocations=22 (full 0):
 garbage-first heap   total 96256K, used 77027K [0x0000000701a00000, 0x0000000800000000)
  region size 2048K, 19 young (38912K), 2 survivors (4096K)
 Metaspace       used 82411K, committed 83072K, reserved 1179648K
  class space    used 11792K, committed 12096K, reserved 1048576K
}
Event: 22.439 GC heap after
{Heap after GC invocations=23 (full 0):
 garbage-first heap   total 96256K, used 45755K [0x0000000701a00000, 0x0000000800000000)
  region size 2048K, 3 young (6144K), 3 survivors (6144K)
 Metaspace       used 82411K, committed 83072K, reserved 1179648K
  class space    used 11792K, committed 12096K, reserved 1048576K
}
Event: 23.021 GC heap before
{Heap before GC invocations=23 (full 0):
 garbage-first heap   total 96256K, used 72379K [0x0000000701a00000, 0x0000000800000000)
  region size 2048K, 17 young (34816K), 3 survivors (6144K)
 Metaspace       used 85624K, committed 86272K, reserved 1179648K
  class space    used 12167K, committed 12480K, reserved 1048576K
}
Event: 23.027 GC heap after
{Heap after GC invocations=24 (full 0):
 garbage-first heap   total 96256K, used 48525K [0x0000000701a00000, 0x0000000800000000)
  region size 2048K, 2 young (4096K), 2 survivors (4096K)
 Metaspace       used 85624K, committed 86272K, reserved 1179648K
  class space    used 12167K, committed 12480K, reserved 1048576K
}
Event: 23.549 GC heap before
{Heap before GC invocations=24 (full 0):
 garbage-first heap   total 96256K, used 75149K [0x0000000701a00000, 0x0000000800000000)
  region size 2048K, 15 young (30720K), 2 survivors (4096K)
 Metaspace       used 88392K, committed 88960K, reserved 1179648K
  class space    used 12551K, committed 12800K, reserved 1048576K
}
Event: 23.553 GC heap after
{Heap after GC invocations=25 (full 0):
 garbage-first heap   total 96256K, used 50332K [0x0000000701a00000, 0x0000000800000000)
  region size 2048K, 1 young (2048K), 1 survivors (2048K)
 Metaspace       used 88392K, committed 88960K, reserved 1179648K
  class space    used 12551K, committed 12800K, reserved 1048576K
}
Event: 24.072 GC heap before
{Heap before GC invocations=26 (full 0):
 garbage-first heap   total 96256K, used 79004K [0x0000000701a00000, 0x0000000800000000)
  region size 2048K, 15 young (30720K), 1 survivors (2048K)
 Metaspace       used 89993K, committed 90560K, reserved 1179648K
  class space    used 12847K, committed 13120K, reserved 1048576K
}
Event: 24.076 GC heap after
{Heap after GC invocations=27 (full 0):
 garbage-first heap   total 96256K, used 52098K [0x0000000701a00000, 0x0000000800000000)
  region size 2048K, 2 young (4096K), 2 survivors (4096K)
 Metaspace       used 89993K, committed 90560K, reserved 1179648K
  class space    used 12847K, committed 13120K, reserved 1048576K
}
Event: 24.508 GC heap before
{Heap before GC invocations=27 (full 0):
 garbage-first heap   total 96256K, used 78722K [0x0000000701a00000, 0x0000000800000000)
  region size 2048K, 15 young (30720K), 2 survivors (4096K)
 Metaspace       used 91355K, committed 91968K, reserved 1179648K
  class space    used 13045K, committed 13312K, reserved 1048576K
}
Event: 24.513 GC heap after
{Heap after GC invocations=28 (full 0):
 garbage-first heap   total 96256K, used 54168K [0x0000000701a00000, 0x0000000800000000)
  region size 2048K, 2 young (4096K), 2 survivors (4096K)
 Metaspace       used 91355K, committed 91968K, reserved 1179648K
  class space    used 13045K, committed 13312K, reserved 1048576K
}

